2021-02-26 12:20:33 error: uncaughtException: Route.get() requires a callback function but got a [object Undefined]
Error: Route.get() requires a callback function but got a [object Undefined]
    at Route.<computed> [as get] (D:\Flutter project\wandr-backend\node_modules\express\lib\router\route.js:202:15)
    at Function.proto.<computed> [as get] (D:\Flutter project\wandr-backend\node_modules\express\lib\router\index.js:510:19)
    at EventsRoute.initializeRoutes (D:\Flutter project\wandr-backend\src\routes\events.route.ts:19:17)
    at new EventsRoute (D:\Flutter project\wandr-backend\src\routes\events.route.ts:13:10)
    at Object.<anonymous> (D:\Flutter project\wandr-backend\src\server.ts:12:75)
    at Module._compile (internal/modules/cjs/loader.js:1063:30)
    at Module.m._compile (D:\Flutter project\wandr-backend\node_modules\ts-node\src\index.ts:1056:23)
    at Module._extensions..js (internal/modules/cjs/loader.js:1092:10)
    at Object.require.extensions.<computed> [as .ts] (D:\Flutter project\wandr-backend\node_modules\ts-node\src\index.ts:1059:12)
    at Module.load (internal/modules/cjs/loader.js:928:32)
2021-02-26 12:20:42 error: uncaughtException: Route.get() requires a callback function but got a [object Undefined]
Error: Route.get() requires a callback function but got a [object Undefined]
    at Route.<computed> [as get] (D:\Flutter project\wandr-backend\node_modules\express\lib\router\route.js:202:15)
    at Function.proto.<computed> [as get] (D:\Flutter project\wandr-backend\node_modules\express\lib\router\index.js:510:19)
    at EventsRoute.initializeRoutes (D:\Flutter project\wandr-backend\src\routes\events.route.ts:19:17)
    at new EventsRoute (D:\Flutter project\wandr-backend\src\routes\events.route.ts:13:10)
    at Object.<anonymous> (D:\Flutter project\wandr-backend\src\server.ts:12:75)
    at Module._compile (internal/modules/cjs/loader.js:1063:30)
    at Module.m._compile (D:\Flutter project\wandr-backend\node_modules\ts-node\src\index.ts:1056:23)
    at Module._extensions..js (internal/modules/cjs/loader.js:1092:10)
    at Object.require.extensions.<computed> [as .ts] (D:\Flutter project\wandr-backend\node_modules\ts-node\src\index.ts:1059:12)
    at Module.load (internal/modules/cjs/loader.js:928:32)
2021-02-26 12:21:11 error: uncaughtException: Route.get() requires a callback function but got a [object Undefined]
Error: Route.get() requires a callback function but got a [object Undefined]
    at Route.<computed> [as get] (D:\Flutter project\wandr-backend\node_modules\express\lib\router\route.js:202:15)
    at Function.proto.<computed> [as get] (D:\Flutter project\wandr-backend\node_modules\express\lib\router\index.js:510:19)
    at EventsRoute.initializeRoutes (D:\Flutter project\wandr-backend\src\routes\events.route.ts:19:17)
    at new EventsRoute (D:\Flutter project\wandr-backend\src\routes\events.route.ts:13:10)
    at Object.<anonymous> (D:\Flutter project\wandr-backend\src\server.ts:12:75)
    at Module._compile (internal/modules/cjs/loader.js:1063:30)
    at Module.m._compile (D:\Flutter project\wandr-backend\node_modules\ts-node\src\index.ts:1056:23)
    at Module._extensions..js (internal/modules/cjs/loader.js:1092:10)
    at Object.require.extensions.<computed> [as .ts] (D:\Flutter project\wandr-backend\node_modules\ts-node\src\index.ts:1059:12)
    at Module.load (internal/modules/cjs/loader.js:928:32)
2021-02-26 12:21:20 error: uncaughtException: Route.get() requires a callback function but got a [object Undefined]
Error: Route.get() requires a callback function but got a [object Undefined]
    at Route.<computed> [as get] (D:\Flutter project\wandr-backend\node_modules\express\lib\router\route.js:202:15)
    at Function.proto.<computed> [as get] (D:\Flutter project\wandr-backend\node_modules\express\lib\router\index.js:510:19)
    at EventsRoute.initializeRoutes (D:\Flutter project\wandr-backend\src\routes\events.route.ts:19:17)
    at new EventsRoute (D:\Flutter project\wandr-backend\src\routes\events.route.ts:13:10)
    at Object.<anonymous> (D:\Flutter project\wandr-backend\src\server.ts:12:75)
    at Module._compile (internal/modules/cjs/loader.js:1063:30)
    at Module.m._compile (D:\Flutter project\wandr-backend\node_modules\ts-node\src\index.ts:1056:23)
    at Module._extensions..js (internal/modules/cjs/loader.js:1092:10)
    at Object.require.extensions.<computed> [as .ts] (D:\Flutter project\wandr-backend\node_modules\ts-node\src\index.ts:1059:12)
    at Module.load (internal/modules/cjs/loader.js:928:32)
2021-02-26 12:21:24 error: uncaughtException: Route.get() requires a callback function but got a [object Undefined]
Error: Route.get() requires a callback function but got a [object Undefined]
    at Route.<computed> [as get] (D:\Flutter project\wandr-backend\node_modules\express\lib\router\route.js:202:15)
    at Function.proto.<computed> [as get] (D:\Flutter project\wandr-backend\node_modules\express\lib\router\index.js:510:19)
    at EventsRoute.initializeRoutes (D:\Flutter project\wandr-backend\src\routes\events.route.ts:19:17)
    at new EventsRoute (D:\Flutter project\wandr-backend\src\routes\events.route.ts:13:10)
    at Object.<anonymous> (D:\Flutter project\wandr-backend\src\server.ts:12:75)
    at Module._compile (internal/modules/cjs/loader.js:1063:30)
    at Module.m._compile (D:\Flutter project\wandr-backend\node_modules\ts-node\src\index.ts:1056:23)
    at Module._extensions..js (internal/modules/cjs/loader.js:1092:10)
    at Object.require.extensions.<computed> [as .ts] (D:\Flutter project\wandr-backend\node_modules\ts-node\src\index.ts:1059:12)
    at Module.load (internal/modules/cjs/loader.js:928:32)
2021-02-26 12:21:38 error: uncaughtException: Route.get() requires a callback function but got a [object Undefined]
Error: Route.get() requires a callback function but got a [object Undefined]
    at Route.<computed> [as get] (D:\Flutter project\wandr-backend\node_modules\express\lib\router\route.js:202:15)
    at Function.proto.<computed> [as get] (D:\Flutter project\wandr-backend\node_modules\express\lib\router\index.js:510:19)
    at EventsRoute.initializeRoutes (D:\Flutter project\wandr-backend\src\routes\events.route.ts:19:17)
    at new EventsRoute (D:\Flutter project\wandr-backend\src\routes\events.route.ts:13:10)
    at Object.<anonymous> (D:\Flutter project\wandr-backend\src\server.ts:12:75)
    at Module._compile (internal/modules/cjs/loader.js:1063:30)
    at Module.m._compile (D:\Flutter project\wandr-backend\node_modules\ts-node\src\index.ts:1056:23)
    at Module._extensions..js (internal/modules/cjs/loader.js:1092:10)
    at Object.require.extensions.<computed> [as .ts] (D:\Flutter project\wandr-backend\node_modules\ts-node\src\index.ts:1059:12)
    at Module.load (internal/modules/cjs/loader.js:928:32)
2021-02-26 12:24:31 error: uncaughtException: Route.get() requires a callback function but got a [object Undefined]
Error: Route.get() requires a callback function but got a [object Undefined]
    at Route.<computed> [as get] (D:\Flutter project\wandr-backend\node_modules\express\lib\router\route.js:202:15)
    at Function.proto.<computed> [as get] (D:\Flutter project\wandr-backend\node_modules\express\lib\router\index.js:510:19)
    at EventsRoute.initializeRoutes (D:\Flutter project\wandr-backend\src\routes\events.route.ts:19:17)
    at new EventsRoute (D:\Flutter project\wandr-backend\src\routes\events.route.ts:13:10)
    at Object.<anonymous> (D:\Flutter project\wandr-backend\src\server.ts:12:75)
    at Module._compile (internal/modules/cjs/loader.js:1063:30)
    at Module.m._compile (D:\Flutter project\wandr-backend\node_modules\ts-node\src\index.ts:1056:23)
    at Module._extensions..js (internal/modules/cjs/loader.js:1092:10)
    at Object.require.extensions.<computed> [as .ts] (D:\Flutter project\wandr-backend\node_modules\ts-node\src\index.ts:1059:12)
    at Module.load (internal/modules/cjs/loader.js:928:32)
