2021-03-04 13:10:09 info: 🚀 App listening on the port 3000
2021-03-04 13:10:10 info: [0mGET /api-docs/ [36m304[0m 7.005 ms - -[0m
2021-03-04 13:10:12 info: [0mGET /api-docs/swagger-ui.css [36m304[0m 2149.836 ms - -[0m
2021-03-04 13:10:12 info: [0mGET /api-docs/swagger-ui-init.js [32m200[0m 2144.674 ms - -[0m
2021-03-04 13:10:12 info: [0mGET /api-docs/swagger-ui-bundle.js [32m200[0m 2151.023 ms - -[0m
2021-03-04 13:10:13 info: [0mGET /api-docs/swagger-ui-standalone-preset.js [32m200[0m 2174.615 ms - -[0m
2021-03-04 13:10:43 error: StatusCode : 400, Message : Email must be an email, Password must be a string
2021-03-04 13:10:43 info: [0mPOST /login [33m400[0m 107.888 ms - 63[0m
2021-03-04 13:11:25 info: 🚀 App listening on the port 3000
2021-03-04 13:13:21 error: StatusCode : 400, Message : Email must be an email, Password must be a string
2021-03-04 13:13:21 info: [0mPOST /login [33m400[0m 18.905 ms - 63[0m
2021-03-04 13:16:17 info: 🚀 App listening on the port 3000
2021-03-04 13:16:20 error: StatusCode : 500, Message : Undefined binding(s) detected when compiling FIRST. Undefined column(s): [email] query: select * from `user` where `email` = ? limit ?
2021-03-04 13:16:20 info: [0mPOST /login [31m500[0m 17.331 ms - 148[0m
2021-03-04 13:16:56 error: StatusCode : 400, Message : Unexpected token h in JSON at position 13
2021-03-04 13:16:56 info: [0mPOST /login [33m400[0m 5.731 ms - 55[0m
2021-03-04 13:17:09 error: StatusCode : 500, Message : Undefined binding(s) detected when compiling FIRST. Undefined column(s): [email] query: select * from `user` where `email` = ? limit ?
2021-03-04 13:17:09 info: [0mPOST /login [31m500[0m 2.397 ms - 148[0m
2021-03-04 13:17:23 info: 🚀 App listening on the port 3000
2021-03-04 13:17:23 error: StatusCode : 500, Message : Undefined binding(s) detected when compiling SELECT. Undefined column(s): [email] query: select * from `user` where `email` = ?
2021-03-04 13:17:23 info: [0mPOST /login [31m500[0m 17.086 ms - 141[0m
2021-03-04 13:17:24 error: StatusCode : 500, Message : Undefined binding(s) detected when compiling SELECT. Undefined column(s): [email] query: select * from `user` where `email` = ?
2021-03-04 13:17:24 info: [0mPOST /login [31m500[0m 2.607 ms - 141[0m
2021-03-04 13:17:25 error: StatusCode : 500, Message : Undefined binding(s) detected when compiling SELECT. Undefined column(s): [email] query: select * from `user` where `email` = ?
2021-03-04 13:17:25 info: [0mPOST /login [31m500[0m 2.210 ms - 141[0m
2021-03-04 13:17:31 info: 🚀 App listening on the port 3000
2021-03-04 13:17:32 error: StatusCode : 500, Message : Undefined binding(s) detected when compiling SELECT. Undefined column(s): [Email] query: select * from `user` where `Email` = ?
2021-03-04 13:17:32 info: [0mPOST /login [31m500[0m 18.713 ms - 141[0m
2021-03-04 13:17:33 error: StatusCode : 500, Message : Undefined binding(s) detected when compiling SELECT. Undefined column(s): [Email] query: select * from `user` where `Email` = ?
2021-03-04 13:17:33 info: [0mPOST /login [31m500[0m 2.768 ms - 141[0m
2021-03-04 13:17:34 error: StatusCode : 500, Message : Undefined binding(s) detected when compiling SELECT. Undefined column(s): [Email] query: select * from `user` where `Email` = ?
2021-03-04 13:17:34 info: [0mPOST /login [31m500[0m 1.860 ms - 141[0m
2021-03-04 13:17:35 error: StatusCode : 500, Message : Undefined binding(s) detected when compiling SELECT. Undefined column(s): [Email] query: select * from `user` where `Email` = ?
2021-03-04 13:17:35 info: [0mPOST /login [31m500[0m 1.954 ms - 141[0m
2021-03-04 13:18:35 info: 🚀 App listening on the port 3000
2021-03-04 13:19:02 info: 🚀 App listening on the port 3000
2021-03-04 13:22:45 info: 🚀 App listening on the port 3000
2021-03-04 13:23:28 info: 🚀 App listening on the port 3000
2021-03-04 13:24:14 info: 🚀 App listening on the port 3000
2021-03-04 13:24:27 info: 🚀 App listening on the port 3000
2021-03-04 13:25:06 error: StatusCode : 500, Message : Undefined binding(s) detected when compiling FIRST. Undefined column(s): [Email] query: select * from `user` where `Email` = ? limit ?
2021-03-04 13:25:06 info: [0mPOST /login [31m500[0m 18.669 ms - 148[0m
2021-03-04 13:25:58 info: 🚀 App listening on the port 3000
2021-03-04 13:26:00 error: StatusCode : 500, Message : Undefined binding(s) detected when compiling FIRST. Undefined column(s): [Email] query: select * from `user` where `Email` = ? limit ?
2021-03-04 13:26:00 info: [0mPOST /login [31m500[0m 29.439 ms - 148[0m
2021-03-04 13:26:21 info: 🚀 App listening on the port 3000
2021-03-04 13:27:09 info: 🚀 App listening on the port 3000
2021-03-04 13:27:10 error: StatusCode : 500, Message : Undefined binding(s) detected when compiling FIRST. Undefined column(s): [Email] query: select * from `user` where `Email` = ? limit ?
2021-03-04 13:27:10 info: [0mPOST /login [31m500[0m 29.576 ms - 148[0m
2021-03-04 13:27:32 info: 🚀 App listening on the port 3000
2021-03-04 13:27:49 info: 🚀 App listening on the port 3000
2021-03-04 13:27:57 info: 🚀 App listening on the port 3000
2021-03-04 13:27:57 error: StatusCode : 500, Message : Undefined binding(s) detected when compiling FIRST. Undefined column(s): [Email] query: select * from `user` where `Email` = ? limit ?
2021-03-04 13:27:57 info: [0mPOST /login [31m500[0m 17.683 ms - 148[0m
2021-03-04 13:28:09 info: 🚀 App listening on the port 3000
2021-03-04 13:28:11 error: StatusCode : 500, Message : Undefined binding(s) detected when compiling FIRST. Undefined column(s): [Email] query: select * from `user` where `Email` = ? limit ?
2021-03-04 13:28:11 info: [0mPOST /login [31m500[0m 19.785 ms - 148[0m
2021-03-04 13:28:27 info: 🚀 App listening on the port 3000
2021-03-04 13:31:53 info: 🚀 App listening on the port 3000
2021-03-04 13:32:23 info: 🚀 App listening on the port 3000
2021-03-04 13:32:41 error: StatusCode : 500, Message : Undefined binding(s) detected when compiling FIRST. Undefined column(s): [Email] query: select * from `user` where `Email` = ? limit ?
2021-03-04 13:32:41 info: [0mPOST /login [31m500[0m 32.071 ms - 148[0m
2021-03-04 13:33:15 info: 🚀 App listening on the port 3000
2021-03-04 13:33:16 error: StatusCode : 500, Message : Undefined binding(s) detected when compiling FIRST. Undefined column(s): [Email] query: select * from `user` where `Email` = ? limit ?
2021-03-04 13:33:16 info: [0mPOST /login [31m500[0m 33.091 ms - 148[0m
2021-03-04 13:35:33 info: 🚀 App listening on the port 3000
2021-03-04 13:35:34 error: StatusCode : 500, Message : Undefined binding(s) detected when compiling FIRST. Undefined column(s): [Email] query: select * from `user` where `Email` = ? limit ?
2021-03-04 13:35:34 info: [0mPOST /login [31m500[0m 17.294 ms - 148[0m
2021-03-04 13:35:42 info: 🚀 App listening on the port 3000
2021-03-04 13:35:59 info: 🚀 App listening on the port 3000
2021-03-04 13:36:22 info: 🚀 App listening on the port 3000
2021-03-04 13:36:58 info: [0mGET /api-docs/ [36m304[0m 6.572 ms - -[0m
2021-03-04 13:36:58 info: [0mGET /api-docs/swagger-ui.css [36m304[0m 7.636 ms - -[0m
2021-03-04 13:36:58 info: [0mGET /api-docs/swagger-ui-bundle.js [36m304[0m 6.578 ms - -[0m
2021-03-04 13:36:58 info: [0mGET /api-docs/swagger-ui-standalone-preset.js [36m304[0m 6.642 ms - -[0m
2021-03-04 13:36:58 info: [0mGET /api-docs/swagger-ui-init.js [32m200[0m 2.533 ms - -[0m
2021-03-04 13:36:58 info: [0mGET /api-docs/favicon-32x32.png [32m200[0m 2.345 ms - 628[0m
2021-03-04 13:37:16 info: 🚀 App listening on the port 3000
2021-03-04 13:37:34 info: [0mPOST /login [32m200[0m 111.591 ms - 443[0m
2021-03-04 14:17:19 error: StatusCode : 404, Message : Authentication token missing
2021-03-04 14:17:19 info: [0mGET /places/search?q=Ha [33m404[0m 2.128 ms - 42[0m
2021-03-04 14:17:45 error: StatusCode : 404, Message : Authentication token missing
2021-03-04 14:17:45 info: [0mGET /events [33m404[0m 1.463 ms - 42[0m
2021-03-04 14:17:57 info: [0mPOST /login [32m200[0m 72.871 ms - 443[0m
2021-03-04 14:18:14 error: StatusCode : 404, Message : Authentication token missing
2021-03-04 14:18:14 info: [0mGET /events [33m404[0m 1.217 ms - 42[0m
2021-03-04 14:18:19 info: [0mGET /users [32m200[0m 2.585 ms - 243[0m
2021-03-04 14:18:28 error: StatusCode : 404, Message : Authentication token missing
2021-03-04 14:18:28 info: [0mGET /events [33m404[0m 1.155 ms - 42[0m
2021-03-04 14:18:29 error: StatusCode : 404, Message : Authentication token missing
2021-03-04 14:18:29 info: [0mGET /events [33m404[0m 1.095 ms - 42[0m
2021-03-04 14:18:29 error: StatusCode : 404, Message : Authentication token missing
2021-03-04 14:18:29 info: [0mGET /events [33m404[0m 1.128 ms - 42[0m
2021-03-04 14:18:29 error: StatusCode : 404, Message : Authentication token missing
2021-03-04 14:18:29 info: [0mGET /events [33m404[0m 1.160 ms - 42[0m
2021-03-04 14:18:30 error: StatusCode : 404, Message : Authentication token missing
2021-03-04 14:18:30 info: [0mGET /events [33m404[0m 1.305 ms - 42[0m
2021-03-04 14:18:47 error: StatusCode : 404, Message : Authentication token missing
2021-03-04 14:18:47 info: [0mGET /users/2 [33m404[0m 1.233 ms - 42[0m
2021-03-04 14:18:51 error: StatusCode : 404, Message : Authentication token missing
2021-03-04 14:18:51 info: [0mGET /users/1 [33m404[0m 0.950 ms - 42[0m
2021-03-04 14:22:58 info: [0mGET /api-docs/ [36m304[0m 3.382 ms - -[0m
2021-03-04 14:22:58 info: [0mGET /api-docs/swagger-ui-init.js [36m304[0m 0.376 ms - -[0m
2021-03-04 14:22:58 info: [0mGET /api-docs/swagger-ui.css [36m304[0m 3.716 ms - -[0m
2021-03-04 14:22:58 info: [0mGET /api-docs/swagger-ui-bundle.js [36m304[0m 4.779 ms - -[0m
2021-03-04 14:22:58 info: [0mGET /api-docs/swagger-ui-standalone-preset.js [36m304[0m 5.714 ms - -[0m
2021-03-04 14:22:58 info: [0mGET /api-docs/favicon-32x32.png [32m200[0m 2.476 ms - 628[0m
2021-03-04 14:23:56 info: 🚀 App listening on the port 3000
2021-03-04 14:24:03 info: [0mGET /api-docs [36m301[0m 4.785 ms - 183[0m
2021-03-04 14:24:03 info: [0mGET /api-docs/ [36m304[0m 2.821 ms - -[0m
2021-03-04 14:24:03 info: [0mGET /api-docs/swagger-ui.css [36m304[0m 1.840 ms - -[0m
2021-03-04 14:24:03 info: [0mGET /api-docs/swagger-ui-bundle.js [36m304[0m 1.019 ms - -[0m
2021-03-04 14:24:03 info: [0mGET /api-docs/swagger-ui-standalone-preset.js [36m304[0m 3.441 ms - -[0m
2021-03-04 14:24:03 info: [0mGET /api-docs/swagger-ui-init.js [32m200[0m 2.372 ms - -[0m
2021-03-04 14:24:49 info: [0mPOST /login [32m200[0m 81.975 ms - 443[0m
2021-03-04 14:25:05 info: [0mGET /users [36m304[0m 2.885 ms - -[0m
2021-03-04 14:25:15 info: [0mGET /users/1 [32m200[0m 2.633 ms - 241[0m
2021-03-04 14:25:27 error: StatusCode : 500, Message : The operator "like " is not permitted
2021-03-04 14:25:27 info: [0mGET /places/search?q=Wal [31m500[0m 2.176 ms - 53[0m
2021-03-04 14:25:36 error: StatusCode : 500, Message : The operator "like " is not permitted
2021-03-04 14:25:36 info: [0mGET /places/search?q=Ha [31m500[0m 1.576 ms - 53[0m
2021-03-04 14:28:12 info: 🚀 App listening on the port 3000
2021-03-04 14:28:33 error: StatusCode : 500, Message : The operator "like " is not permitted
2021-03-04 14:28:33 info: [0mGET /places/search?q=Ha [31m500[0m 9.566 ms - 53[0m
2021-03-04 14:29:00 info: 🚀 App listening on the port 3000
2021-03-04 14:29:01 error: StatusCode : 500, Message : The operator "like " is not permitted
2021-03-04 14:29:01 info: [0mGET /places/search?q=Ha [31m500[0m 9.668 ms - 53[0m
2021-03-04 14:29:11 info: 🚀 App listening on the port 3000
2021-03-04 14:29:51 info: 🚀 App listening on the port 3000
2021-03-04 14:29:55 error: StatusCode : 500, Message : The operator "ilike " is not permitted
2021-03-04 14:29:55 info: [0mGET /places/search?q=Ha [31m500[0m 8.938 ms - 54[0m
2021-03-04 14:30:08 info: 🚀 App listening on the port 3000
2021-03-04 14:30:12 info: 🚀 App listening on the port 3000
2021-03-04 14:30:12 error: StatusCode : 500, Message : select * from `place` where `location` ilike 'Ha%' - ER_PARSE_ERROR: You have an error in your SQL syntax; check the manual that corresponds to your MySQL server version for the right syntax to use near 'ilike 'Ha%'' at line 1
2021-03-04 14:30:12 info: [0mGET /places/search?q=Ha [31m500[0m 24.667 ms - 240[0m
2021-03-04 14:30:24 info: 🚀 App listening on the port 3000
2021-03-04 14:30:25 info: [0mGET /places/search?q=Ha [32m200[0m 8.018 ms - 117[0m
2021-03-04 14:30:31 info: [0mGET /places/search?q=Ha [36m304[0m 3.074 ms - -[0m
2021-03-04 14:30:43 info: [0mGET /places/search?q=Wal [32m200[0m 2.508 ms - 2[0m
2021-03-04 14:30:51 info: [0mGET /places [32m200[0m 1.734 ms - 430[0m
2021-03-04 14:31:03 info: [0mGET /places/search?q=Erie [32m200[0m 1.474 ms - 2[0m
2021-03-04 14:31:11 info: [0mGET /places/search?q=Er [32m200[0m 1.407 ms - 2[0m
2021-03-04 14:31:15 info: [0mGET /places/search?q=Ha [36m304[0m 1.439 ms - -[0m
2021-03-04 14:33:59 info: 🚀 App listening on the port 3000
2021-03-04 14:34:02 info: [0mGET /places/search?q=Ha [36m304[0m 7.840 ms - -[0m
2021-03-04 14:34:07 info: [0mGET /places/search?q=Erie [32m200[0m 2.890 ms - 314[0m
2021-03-04 14:34:29 info: 🚀 App listening on the port 3000
2021-03-04 14:34:30 info: [0mGET /places/search?q=Erie [36m304[0m 8.056 ms - -[0m
2021-03-04 14:34:33 info: [0mGET /places/search?q=Ha [36m304[0m 2.401 ms - -[0m
2021-03-04 14:34:51 info: [0mGET /places/1/events [32m200[0m 5.354 ms - 245[0m
2021-03-04 14:50:28 info: [0mGET /api-docs/ [36m304[0m 2.788 ms - -[0m
2021-03-04 14:50:28 info: [0mGET /api-docs/swagger-ui-init.js [36m304[0m 0.663 ms - -[0m
2021-03-04 14:50:28 info: [0mGET /api-docs/swagger-ui.css [36m304[0m 5.045 ms - -[0m
2021-03-04 14:50:28 info: [0mGET /api-docs/swagger-ui-bundle.js [36m304[0m 5.822 ms - -[0m
2021-03-04 14:50:28 info: [0mGET /api-docs/swagger-ui-standalone-preset.js [36m304[0m 18.173 ms - -[0m
2021-03-04 14:50:28 info: [0mGET /api-docs/favicon-32x32.png [36m304[0m 0.574 ms - -[0m
2021-03-04 14:50:45 info: 🚀 App listening on the port 3000
2021-03-04 14:50:49 info: [0mGET /api-docs/ [36m304[0m 6.587 ms - -[0m
2021-03-04 14:50:49 info: [0mGET /api-docs/swagger-ui.css [36m304[0m 5.904 ms - -[0m
2021-03-04 14:50:49 info: [0mGET /api-docs/swagger-ui-bundle.js [36m304[0m 10.192 ms - -[0m
2021-03-04 14:50:49 info: [0mGET /api-docs/swagger-ui-standalone-preset.js [36m304[0m 18.356 ms - -[0m
2021-03-04 14:50:49 info: [0mGET /api-docs/swagger-ui-init.js [32m200[0m 3.882 ms - -[0m
2021-03-04 14:50:49 info: [0mGET /api-docs/favicon-32x32.png [36m304[0m 1.637 ms - -[0m
2021-03-04 14:51:16 info: [0mGET /api-docs/ [36m304[0m 1.073 ms - -[0m
2021-03-04 14:51:16 info: [0mGET /api-docs/swagger-ui.css [36m304[0m 2.014 ms - -[0m
2021-03-04 14:51:16 info: [0mGET /api-docs/swagger-ui-bundle.js [36m304[0m 2.418 ms - -[0m
2021-03-04 14:51:16 info: [0mGET /api-docs/swagger-ui-standalone-preset.js [36m304[0m 0.665 ms - -[0m
2021-03-04 14:51:16 info: [0mGET /api-docs/swagger-ui-init.js [36m304[0m 0.390 ms - -[0m
2021-03-04 14:51:16 info: [0mGET /api-docs/favicon-32x32.png [36m304[0m 0.721 ms - -[0m
2021-03-04 14:51:24 info: 🚀 App listening on the port 3000
2021-03-04 14:51:25 info: [0mGET /api-docs/ [36m304[0m 6.111 ms - -[0m
2021-03-04 14:51:25 info: [0mGET /api-docs/swagger-ui.css [36m304[0m 5.140 ms - -[0m
2021-03-04 14:51:25 info: [0mGET /api-docs/swagger-ui-bundle.js [36m304[0m 11.546 ms - -[0m
2021-03-04 14:51:25 info: [0mGET /api-docs/swagger-ui-standalone-preset.js [36m304[0m 20.557 ms - -[0m
2021-03-04 14:51:25 info: [0mGET /api-docs/swagger-ui-init.js [32m200[0m 2.621 ms - -[0m
2021-03-04 14:51:25 info: [0mGET /api-docs/favicon-32x32.png [36m304[0m 0.537 ms - -[0m
2021-03-04 14:53:00 info: 🚀 App listening on the port 3000
2021-03-04 14:53:39 error: StatusCode : 400, Message : Phone must be a valid phone number
2021-03-04 14:53:39 info: [0mPOST /signup [33m400[0m 223.910 ms - 48[0m
2021-03-04 14:53:52 error: StatusCode : 400, Message : Phone must be a valid phone number
2021-03-04 14:53:52 info: [0mPOST /signup [33m400[0m 5.369 ms - 48[0m
2021-03-04 14:54:17 error: StatusCode : 500, Message : insert into `user` (`Dob`, `Email`, `Fullname`, `Gender`, `Password`, `Phone`) values ('', 'dvamain@gmail.com', 'Hana Song', 'Female', '$2b$10$Wc8YcrXdqMGDALFl3OYwAu5x4x96JgMbBYtfU1KQVOgw6XHp0oPZS', '+18134223334') - ER_TRUNCATED_WRONG_VALUE: Incorrect date value: '' for column 'Dob' at row 1
2021-03-04 14:54:17 info: [0mPOST /signup [31m500[0m 78.916 ms - 307[0m
2021-03-04 14:57:32 error: StatusCode : 500, Message : insert into `user` (`Dob`, `Email`, `Fullname`, `Gender`, `Password`, `Phone`) values ('1998-25-11', 'dvamain@gmail.com', 'Hana Song', 'Female', '$2b$10$t9XrwbjlDjK19QRuRlKA/uwi/3lLHW.Sb5WR4pSQDIZigYX3J.0lW', '+18134223334') - ER_TRUNCATED_WRONG_VALUE: Incorrect date value: '1998-25-11' for column 'Dob' at row 1
2021-03-04 14:57:32 info: [0mPOST /signup [31m500[0m 76.156 ms - 327[0m
2021-03-04 14:59:24 error: StatusCode : 500, Message : insert into `user` (`Dob`, `Email`, `Fullname`, `Gender`, `Password`, `Phone`) values ('1998/25/11', 'dvamain@gmail.com', 'Hana Song', 'Female', '$2b$10$6FHSTzb6LLKCV4WgXZS12OjHWrR1hAccRfoOWHhnbVtfb8eOA7ynC', '+18134223334') - ER_TRUNCATED_WRONG_VALUE: Incorrect date value: '1998/25/11' for column 'Dob' at row 1
2021-03-04 14:59:24 info: [0mPOST /signup [31m500[0m 80.056 ms - 327[0m
2021-03-04 15:00:12 error: StatusCode : 400, Message : Unexpected number in JSON at position 172
2021-03-04 15:00:12 info: [0mPOST /signup [33m400[0m 2.654 ms - 55[0m
2021-03-04 15:00:39 error: StatusCode : 500, Message : insert into `user` (`Dob`, `Email`, `Fullname`, `Gender`, `Password`, `Phone`) values ('1998-25-11', 'dvamain@gmail.com', 'Hana Song', 'Female', '$2b$10$etMbLd/nm9ybC/sAVWDaKu3b/toIkjfZJpke74k0zrVDXC1XKLQ6K', '+18134223334') - ER_TRUNCATED_WRONG_VALUE: Incorrect date value: '1998-25-11' for column 'Dob' at row 1
2021-03-04 15:00:39 info: [0mPOST /signup [31m500[0m 76.068 ms - 327[0m
2021-03-04 15:01:06 error: StatusCode : 500, Message : insert into `user` (`Dob`, `Email`, `Fullname`, `Gender`, `Password`, `Phone`) values ('1998-11-21', 'dvamain@gmail.com', 'Hana Song', 'Female', '$2b$10$kdWU6I5sgWXXo/kpzNlbrulR1MtASYcCTLyUHD8EbZtWWD3K0Px52', '+18134223334') - ER_NO_DEFAULT_FOR_FIELD: Field 'Username' doesn't have a default value
2021-03-04 15:01:06 info: [0mPOST /signup [31m500[0m 73.573 ms - 311[0m
2021-03-04 15:01:33 error: StatusCode : 500, Message : insert into `user` (`Dob`, `Email`, `Fullname`, `Gender`, `Password`, `Phone`) values ('1998-11-21', 'dvamain@gmail.com', 'Hana Song', 'Female', '$2b$10$u/9tUihOG8x7Dvu4NEGGHeW5E1XGMen154Dweu70L1VnxynynF0Hi', '+18134223334') - ER_NO_DEFAULT_FOR_FIELD: Field 'Username' doesn't have a default value
2021-03-04 15:01:33 info: [0mPOST /signup [31m500[0m 72.673 ms - 311[0m
2021-03-04 15:06:05 info: 🚀 App listening on the port 3000
2021-03-04 15:16:15 info: 🚀 App listening on the port 3000
2021-03-04 15:16:21 info: 🚀 App listening on the port 3000
2021-03-04 15:16:22 error: StatusCode : 500, Message : insert into `user` (`Dob`, `Email`, `Fullname`, `Gender`, `Password`, `Phone`) values ('1998-11-21', 'dvamain@gmail.com', 'Hana Song', 'Female', '$2b$10$AJfov5wo24ZzrpqaGOcm6.HacfTtyhM8PtK9i7m47IWuB6aibxU7K', '+18134223334') - ER_NO_DEFAULT_FOR_FIELD: Field 'Username' doesn't have a default value
2021-03-04 15:16:22 info: [0mPOST /signup [31m500[0m 103.814 ms - 311[0m
2021-03-04 15:16:42 info: 🚀 App listening on the port 3000
2021-03-04 15:16:46 info: 🚀 App listening on the port 3000
2021-03-04 15:16:59 info: 🚀 App listening on the port 3000
2021-03-04 15:17:00 info: [0mPOST /signup [32m201[0m 97.321 ms - 31[0m
2021-03-04 15:18:12 info: 🚀 App listening on the port 3000
