2021-02-18 16:16:09 info: 🚀 App listening on the port 3000

2021-02-18 14:41:03 info: 🚀 App listening on the port 3000
2021-02-18 14:41:11 info: [0mGET / [32m200[0m 3.946 ms - 17[0m
2021-02-18 14:41:11 info: [0mGET /favicon.ico [33m404[0m 2.465 ms - 150[0m
2021-02-18 14:41:16 info: [0mGET /users [32m200[0m 2.085 ms - 218[0m
2021-02-18 14:41:20 info: [0mGET /users/1 [32m200[0m 7.440 ms - 216[0m
2021-02-18 14:43:58 info: 🚀 App listening on the port 3000
2021-02-18 14:52:44 info: 🚀 App listening on the port 3000
2021-02-18 15:00:01 info: 🚀 App listening on the port 3000
2021-02-18 15:02:15 info: 🚀 App listening on the port 3000
2021-02-18 15:03:05 info: 🚀 App listening on the port 3000
2021-02-18 15:04:42 info: 🚀 App listening on the port 3000
2021-02-18 15:05:02 info: 🚀 App listening on the port 3000
2021-02-18 15:05:27 info: 🚀 App listening on the port 3000
2021-02-18 15:06:19 info: 🚀 App listening on the port 3000
2021-02-18 15:06:31 info: 🚀 App listening on the port 3000
2021-02-18 15:06:57 info: 🚀 App listening on the port 3000
2021-02-18 16:31:40 info: 🚀 App listening on the port 3000
2021-02-18 16:34:51 info: 🚀 App listening on the port 3000
2021-02-18 16:35:31 info: 🚀 App listening on the port 3000
2021-02-18 17:09:48 info: [0mGET /users/1 [32m200[0m 10.644 ms - 216[0m
2021-02-18 17:09:48 info: [0mGET /favicon.ico [33m404[0m 3.795 ms - 150[0m
2021-02-18 17:09:54 info: [0mGET /users/ [32m200[0m 3.651 ms - 218[0m
2021-02-18 17:10:07 info: [0mGET /users/1 [36m304[0m 3.921 ms - -[0m
2021-02-18 17:10:11 info: [0mGET /users/2 [32m200[0m 2.321 ms - 21[0m
2021-02-18 17:10:16 info: [0mGET /users/3 [32m200[0m 2.791 ms - 21[0m
2021-02-18 21:16:09 info: 🚀 App listening on the port 3000
2021-02-18 21:16:15 info: [0mGET / [36m304[0m 3.789 ms - -[0m
2021-02-18 21:16:15 info: [0mGET /favicon.ico [33m404[0m 1.632 ms - 150[0m
2021-02-18 21:16:20 info: [0mGET /events [33m404[0m 0.892 ms - 145[0m
2021-02-18 21:16:35 info: [0mGET /events/1 [33m404[0m 0.452 ms - 147[0m
2021-02-18 21:20:18 info: 🚀 App listening on the port 3000
2021-02-18 21:20:22 info: [0mGET /events/1 [33m404[0m 3.878 ms - 147[0m
2021-02-18 21:20:23 info: [0mGET /events/1 [33m404[0m 0.765 ms - 147[0m
2021-02-18 21:20:25 info: [0mGET /events/ [33m404[0m 0.419 ms - 146[0m
2021-02-18 21:24:27 info: 🚀 App listening on the port 3000
2021-02-18 21:24:41 info: 🚀 App listening on the port 3000
2021-02-18 21:24:49 info: [0mGET / [36m304[0m 4.513 ms - -[0m
2021-02-18 21:24:55 info: [0mGET /events [33m404[0m 1.813 ms - 145[0m
2021-02-18 21:26:06 info: 🚀 App listening on the port 3000
2021-02-18 21:26:11 info: [0mGET /events [33m404[0m 3.918 ms - 145[0m
2021-02-18 21:26:13 info: [0mGET /event [33m404[0m 0.801 ms - 144[0m
2021-02-18 21:26:46 info: [0mGET /users [32m200[0m 3.597 ms - 218[0m
2021-02-18 21:28:51 info: 🚀 App listening on the port 3000
2021-02-18 21:29:19 info: [0mGET /event [33m404[0m 4.039 ms - 144[0m
2021-02-18 21:29:22 info: [0mGET /events [32m200[0m 3.240 ms - 172[0m
2021-02-18 21:34:18 info: [0mGET /events/1 [32m200[0m 2.762 ms - 170[0m
2021-02-18 21:35:57 info: [0mGET /users [36m304[0m 1.907 ms - -[0m
2021-02-18 21:37:56 info: 🚀 App listening on the port 3000
2021-02-18 21:37:58 info: [0mGET /users [32m200[0m 5.336 ms - 189[0m
2021-02-18 21:38:00 info: [0mGET /users [36m304[0m 1.560 ms - -[0m
2021-02-18 21:38:00 info: [0mGET /users [36m304[0m 1.297 ms - -[0m
2021-02-18 21:38:01 info: [0mGET /users [36m304[0m 1.206 ms - -[0m
2021-02-18 21:38:01 info: [0mGET /users [36m304[0m 1.259 ms - -[0m
2021-02-18 21:45:45 info: 🚀 App listening on the port 3000
2021-02-18 21:45:56 info: [0mGET /events [32m200[0m 5.968 ms - 143[0m
2021-02-18 21:47:50 info: 🚀 App listening on the port 3000
2021-02-18 21:48:11 info: 🚀 App listening on the port 3000
2021-02-18 21:48:22 info: 🚀 App listening on the port 3000
2021-02-18 21:51:34 info: 🚀 App listening on the port 3000
2021-02-18 21:53:31 info: 🚀 App listening on the port 3000
2021-02-18 21:54:11 info: 🚀 App listening on the port 3000
2021-02-18 21:57:08 info: 🚀 App listening on the port 3000
2021-02-18 21:58:06 info: 🚀 App listening on the port 3000
2021-02-18 21:58:25 info: 🚀 App listening on the port 3000
2021-02-18 21:58:48 info: 🚀 App listening on the port 3000
2021-02-18 21:59:29 info: 🚀 App listening on the port 3000
2021-02-18 21:59:37 info: 🚀 App listening on the port 3000
2021-02-18 21:59:48 info: [0mGET /places [32m200[0m 6.093 ms - 117[0m
2021-02-18 21:59:53 info: [0mGET /places/1 [32m200[0m 2.706 ms - 115[0m
2021-02-18 22:11:21 info: [0mGET /events/1 [32m200[0m 2.588 ms - 141[0m
2021-02-18 22:12:40 info: [0mGET /users/1 [32m200[0m 1.971 ms - 187[0m
