2021-03-03 16:43:09 info: 🚀 App listening on the port 3000
2021-03-03 16:43:14 info: [0mGET /api-docs/ [36m304[0m 15.900 ms - -[0m
2021-03-03 16:43:14 info: [0mGET /api-docs/swagger-ui-init.js [32m200[0m 5.177 ms - -[0m
2021-03-03 16:43:14 info: [0mGET /api-docs/swagger-ui.css [32m200[0m 20.701 ms - -[0m
2021-03-03 16:43:14 info: [0mGET /api-docs/swagger-ui-standalone-preset.js [32m200[0m 16.514 ms - -[0m
2021-03-03 16:43:14 info: [0mGET /api-docs/swagger-ui-bundle.js [32m200[0m 16.608 ms - -[0m
2021-03-03 16:44:28 info: [0mPOST /login [32m200[0m 169.489 ms - 372[0m
2021-03-03 16:49:43 info: 🚀 App listening on the port 3000
2021-03-03 16:50:03 info: 🚀 App listening on the port 3000
2021-03-03 16:50:07 info: [0mGET /api-docs/ [36m304[0m 15.990 ms - -[0m
2021-03-03 16:50:07 info: [0mGET /api-docs/swagger-ui-standalone-preset.js [36m304[0m 7.606 ms - -[0m
2021-03-03 16:50:07 info: [0mGET /api-docs/swagger-ui.css [36m304[0m 7.613 ms - -[0m
2021-03-03 16:50:07 info: [0mGET /api-docs/swagger-ui-bundle.js [36m304[0m 10.098 ms - -[0m
2021-03-03 16:50:07 info: [0mGET /api-docs/swagger-ui-init.js [36m304[0m 1.337 ms - -[0m
2021-03-03 16:50:07 info: [0mGET /api-docs/favicon-32x32.png [36m304[0m 1.175 ms - -[0m
2021-03-03 16:50:54 error: StatusCode : 500, Message : data and hash arguments required
2021-03-03 16:50:54 info: [0mPOST /login [31m500[0m 51.168 ms - 46[0m
2021-03-03 16:52:16 info: 🚀 App listening on the port 3000
2021-03-03 16:52:17 error: StatusCode : 500, Message : data and hash arguments required
2021-03-03 16:52:17 info: [0mPOST /login [31m500[0m 58.796 ms - 46[0m
2021-03-03 16:53:30 info: 🚀 App listening on the port 3000
2021-03-03 16:53:55 info: 🚀 App listening on the port 3000
2021-03-03 16:54:02 info: 🚀 App listening on the port 3000
2021-03-03 16:54:17 info: 🚀 App listening on the port 3000
2021-03-03 16:54:18 info: [0mPOST /login [32m200[0m 157.362 ms - 443[0m
2021-03-03 16:57:22 info: 🚀 App listening on the port 3000
2021-03-03 17:01:51 info: 🚀 App listening on the port 3000
2021-03-03 17:04:46 info: 🚀 App listening on the port 3000
2021-03-03 17:05:49 info: 🚀 App listening on the port 3000
2021-03-03 17:08:48 info: 🚀 App listening on the port 3000
2021-03-03 17:11:15 info: 🚀 App listening on the port 3000
2021-03-03 17:14:11 info: 🚀 App listening on the port 3000
2021-03-03 17:15:03 info: 🚀 App listening on the port 3000
2021-03-03 17:15:38 info: 🚀 App listening on the port 3000
2021-03-03 17:15:42 info: 🚀 App listening on the port 3000
2021-03-03 17:16:01 info: 🚀 App listening on the port 3000
2021-03-03 17:16:24 info: 🚀 App listening on the port 3000
2021-03-03 17:16:29 info: 🚀 App listening on the port 3000
2021-03-03 17:17:28 info: 🚀 App listening on the port 3000
2021-03-03 17:18:43 info: 🚀 App listening on the port 3000
2021-03-03 17:19:18 info: 🚀 App listening on the port 3000
2021-03-03 17:20:18 info: 🚀 App listening on the port 3000
2021-03-03 17:21:39 info: 🚀 App listening on the port 3000
2021-03-03 17:22:44 info: 🚀 App listening on the port 3000
2021-03-03 17:22:57 info: 🚀 App listening on the port 3000
2021-03-03 17:23:41 info: 🚀 App listening on the port 3000
2021-03-03 17:25:18 info: 🚀 App listening on the port 3000
2021-03-03 17:25:25 info: 🚀 App listening on the port 3000
2021-03-03 17:26:10 info: 🚀 App listening on the port 3000
2021-03-03 17:26:16 info: 🚀 App listening on the port 3000
2021-03-03 17:26:21 info: 🚀 App listening on the port 3000
2021-03-03 17:30:32 info: 🚀 App listening on the port 3000
2021-03-03 17:35:35 error: StatusCode : 400, Message : Email must be an email, Username must be a string, Phone must be a string,Phone must be a valid phone number, Password must be a string, Fullname must be a string, Gender must be a string, Dob must be a string
2021-03-03 17:35:35 info: [0mPOST /login [33m400[0m 45.484 ms - 223[0m
2021-03-03 17:37:22 info: 🚀 App listening on the port 3000
2021-03-03 17:37:27 info: [0mGET /api-docs/ [36m304[0m 14.116 ms - -[0m
2021-03-03 17:37:27 info: [0mGET /api-docs/swagger-ui-init.js [36m304[0m 1.189 ms - -[0m
2021-03-03 17:37:27 info: [0mGET /api-docs/swagger-ui.css [36m304[0m 13.277 ms - -[0m
2021-03-03 17:37:27 info: [0mGET /api-docs/swagger-ui-bundle.js [36m304[0m 13.344 ms - -[0m
2021-03-03 17:37:27 info: [0mGET /api-docs/swagger-ui-standalone-preset.js [36m304[0m 14.381 ms - -[0m
2021-03-03 17:37:28 info: [0mGET /api-docs/favicon-32x32.png [36m304[0m 1.628 ms - -[0m
2021-03-03 17:38:28 error: StatusCode : 400, Message : Email must be an email, Username must be a string, Phone must be a string,Phone must be a valid phone number, Password must be a string, Fullname must be a string, Gender must be a string, Dob must be a string
2021-03-03 17:38:28 info: [0mPOST /login [33m400[0m 37.746 ms - 223[0m
2021-03-03 17:41:30 info: 🚀 App listening on the port 3000
2021-03-03 17:41:47 error: StatusCode : 400, Message : Email must be an email, Username must be a string, Phone must be a string,Phone must be a valid phone number, Password must be a string, Fullname must be a string, Gender must be a string, Dob must be a string
2021-03-03 17:41:47 info: [0mPOST /login [33m400[0m 43.299 ms - 223[0m
2021-03-03 17:43:17 info: 🚀 App listening on the port 3000
2021-03-03 17:44:08 info: 🚀 App listening on the port 3000
2021-03-03 17:44:13 error: StatusCode : 400, Message : Email must be an email, Username must be a string, Phone must be a string,Phone must be a valid phone number, Password must be a string, Fullname must be a string, Gender must be a string, Dob must be a string
2021-03-03 17:44:13 info: [0mPOST /login [33m400[0m 41.091 ms - 223[0m
2021-03-03 17:44:54 info: 🚀 App listening on the port 3000
2021-03-03 17:45:02 error: StatusCode : 400, Message : Email must be an email, Password must be a string
2021-03-03 17:45:02 info: [0mPOST /login [33m400[0m 33.718 ms - 63[0m
2021-03-03 17:46:24 info: 🚀 App listening on the port 3000
2021-03-03 17:51:07 info: [0mGET /api-docs/ [36m304[0m 11.670 ms - -[0m
2021-03-03 17:51:07 info: [0mGET /api-docs/swagger-ui-init.js [36m304[0m 0.781 ms - -[0m
2021-03-03 17:51:07 info: [0mGET /api-docs/swagger-ui.css [36m304[0m 9.317 ms - -[0m
2021-03-03 17:51:07 info: [0mGET /api-docs/swagger-ui-bundle.js [36m304[0m 8.749 ms - -[0m
2021-03-03 17:51:07 info: [0mGET /api-docs/swagger-ui-standalone-preset.js [36m304[0m 8.711 ms - -[0m
2021-03-03 17:51:22 error: StatusCode : 400, Message : Email must be an email, Password must be a string
2021-03-03 17:51:22 info: [0mPOST /login [33m400[0m 39.755 ms - 63[0m
2021-03-03 18:01:13 error: StatusCode : 400, Message : Email must be an email, Password must be a string
2021-03-03 18:01:13 info: [0mPOST /login [33m400[0m 4.669 ms - 63[0m
2021-03-03 18:04:15 info: [0mGET /api-docs/ [36m304[0m 1.529 ms - -[0m
2021-03-03 18:04:15 info: [0mGET /api-docs/swagger-ui.css [36m304[0m 4.586 ms - -[0m
2021-03-03 18:04:15 info: [0mGET /api-docs/swagger-ui-bundle.js [36m304[0m 10.194 ms - -[0m
2021-03-03 18:04:15 info: [0mGET /api-docs/swagger-ui-standalone-preset.js [36m304[0m 4.683 ms - -[0m
2021-03-03 18:04:15 info: [0mGET /api-docs/swagger-ui-init.js [36m304[0m 0.765 ms - -[0m
2021-03-03 18:04:59 error: StatusCode : 400, Message : Email must be an email, Password must be a string
2021-03-03 18:04:59 info: [0mPOST /login [33m400[0m 3.359 ms - 63[0m
2021-03-03 18:13:33 info: [0mGET /api-docs/ [36m304[0m 2.551 ms - -[0m
2021-03-03 18:13:33 info: [0mGET /api-docs/swagger-ui.css [36m304[0m 1.681 ms - -[0m
2021-03-03 18:13:33 info: [0mGET /api-docs/swagger-ui-bundle.js [36m304[0m 3.814 ms - -[0m
2021-03-03 18:13:33 info: [0mGET /api-docs/swagger-ui-standalone-preset.js [36m304[0m 4.186 ms - -[0m
2021-03-03 18:13:33 info: [0mGET /api-docs/swagger-ui-init.js [36m304[0m 1.334 ms - -[0m
2021-03-03 18:14:16 error: StatusCode : 400, Message : Email must be an email, Password must be a string
2021-03-03 18:14:16 info: [0mPOST /login [33m400[0m 2.848 ms - 63[0m
