2021-02-24 14:25:51 info: 🚀 App listening on the port 3000
2021-02-24 14:26:28 info: [0mGET /events [36m304[0m 7.091 ms - -[0m
2021-02-24 14:26:32 error: StatusCode : 500, Message : select * from `event` inner join `place` on `event`.`PlaceID` = `place`.`PlaceID` where `event`.`PlaceID` = NaN - ER_BAD_FIELD_ERROR: Unknown column 'NaN' in 'where clause'
2021-02-24 14:26:32 info: [0mGET /events/placeId?placeId=2 [31m500[0m 14.113 ms - 186[0m
2021-02-24 14:26:32 info: [0mGET /favicon.ico [33m404[0m 1.675 ms - 150[0m
2021-02-24 14:27:59 info: 🚀 App listening on the port 3000
2021-02-24 14:28:06 info: 🚀 App listening on the port 3000
2021-02-24 14:28:13 info: [0mGET /events/placeId?placeId=1 [32m200[0m 6.869 ms - 245[0m
2021-02-24 14:28:17 info: [0mGET /events/placeId?placeId=2 [32m200[0m 2.237 ms - 245[0m
2021-02-24 14:28:20 info: [0mGET /events/placeId?placeId=1 [36m304[0m 1.695 ms - -[0m
2021-02-24 14:28:25 info: [0mGET /events/placeId?placeId=2 [36m304[0m 1.345 ms - -[0m
2021-02-24 14:29:09 info: 🚀 App listening on the port 3000
2021-02-24 14:29:44 info: 🚀 App listening on the port 3000
2021-02-24 14:29:48 error: StatusCode : 500, Message : select * from `event` inner join `place` on `event`.`PlaceID` = `place`.`PlaceID` where `event`.`PlaceID` = NaN - ER_BAD_FIELD_ERROR: Unknown column 'NaN' in 'where clause'
2021-02-24 14:29:48 info: [0mGET /events/placeId?placeId=2 [31m500[0m 12.062 ms - 186[0m
2021-02-24 14:29:50 error: StatusCode : 500, Message : select * from `event` inner join `place` on `event`.`PlaceID` = `place`.`PlaceID` where `event`.`PlaceID` = NaN - ER_BAD_FIELD_ERROR: Unknown column 'NaN' in 'where clause'
2021-02-24 14:29:50 info: [0mGET /events/placeId?placeId=2 [31m500[0m 3.112 ms - 186[0m
2021-02-24 14:31:34 info: 🚀 App listening on the port 3000
2021-02-24 14:31:50 error: StatusCode : 500, Message : select * from `event` inner join `place` on `event`.`PlaceID` = `place`.`PlaceID` where `event`.`PlaceID` = NaN - ER_BAD_FIELD_ERROR: Unknown column 'NaN' in 'where clause'
2021-02-24 14:31:50 info: [0mGET /events/placeId?placeId=2 [31m500[0m 12.483 ms - 186[0m
2021-02-24 14:31:51 error: StatusCode : 500, Message : select * from `event` inner join `place` on `event`.`PlaceID` = `place`.`PlaceID` where `event`.`PlaceID` = NaN - ER_BAD_FIELD_ERROR: Unknown column 'NaN' in 'where clause'
2021-02-24 14:31:51 info: [0mGET /events/placeId?placeId=2 [31m500[0m 3.211 ms - 186[0m
2021-02-24 14:31:56 error: StatusCode : 500, Message : select * from `event` inner join `place` on `event`.`PlaceID` = `place`.`PlaceID` where `event`.`PlaceID` = NaN - ER_BAD_FIELD_ERROR: Unknown column 'NaN' in 'where clause'
2021-02-24 14:31:56 info: [0mGET /events/placeId?placeId=2 [31m500[0m 2.718 ms - 186[0m
2021-02-24 14:32:00 error: StatusCode : 500, Message : select * from `event` inner join `place` on `event`.`PlaceID` = `place`.`PlaceID` where `event`.`PlaceID` = NaN - ER_BAD_FIELD_ERROR: Unknown column 'NaN' in 'where clause'
2021-02-24 14:32:00 info: [0mGET /events/placeId?placeId=2 [31m500[0m 2.691 ms - 186[0m
2021-02-24 14:32:05 error: StatusCode : 500, Message : select * from `event` inner join `place` on `event`.`PlaceID` = `place`.`PlaceID` where `event`.`PlaceID` = NaN - ER_BAD_FIELD_ERROR: Unknown column 'NaN' in 'where clause'
2021-02-24 14:32:05 info: [0mGET /events/placeId?placeId=2 [31m500[0m 2.667 ms - 186[0m
2021-02-24 14:32:19 error: StatusCode : 500, Message : select * from `event` inner join `place` on `event`.`PlaceID` = `place`.`PlaceID` where `event`.`PlaceID` = NaN - ER_BAD_FIELD_ERROR: Unknown column 'NaN' in 'where clause'
2021-02-24 14:32:19 info: [0mGET /events/placeId?placeId=2 [31m500[0m 3.773 ms - 186[0m
2021-02-24 14:32:52 info: 🚀 App listening on the port 3000
2021-02-24 14:33:12 info: 🚀 App listening on the port 3000
2021-02-24 14:33:14 error: StatusCode : 500, Message : SELECT * FROM event INNER JOIN place on event.PlaceID = place.PlaceID where event.PlaceID = NaN - ER_BAD_FIELD_ERROR: Unknown column 'NaN' in 'where clause'
2021-02-24 14:33:14 info: [0mGET /events/placeId?placeId=2 [31m500[0m 11.396 ms - 170[0m
2021-02-24 14:33:16 error: StatusCode : 500, Message : SELECT * FROM event INNER JOIN place on event.PlaceID = place.PlaceID where event.PlaceID = NaN - ER_BAD_FIELD_ERROR: Unknown column 'NaN' in 'where clause'
2021-02-24 14:33:16 info: [0mGET /events/placeId?placeId=2 [31m500[0m 2.745 ms - 170[0m
2021-02-24 14:33:16 error: StatusCode : 500, Message : SELECT * FROM event INNER JOIN place on event.PlaceID = place.PlaceID where event.PlaceID = NaN - ER_BAD_FIELD_ERROR: Unknown column 'NaN' in 'where clause'
2021-02-24 14:33:16 info: [0mGET /events/placeId?placeId=2 [31m500[0m 2.427 ms - 170[0m
2021-02-24 14:33:17 error: StatusCode : 500, Message : SELECT * FROM event INNER JOIN place on event.PlaceID = place.PlaceID where event.PlaceID = NaN - ER_BAD_FIELD_ERROR: Unknown column 'NaN' in 'where clause'
2021-02-24 14:33:17 info: [0mGET /events/placeId?placeId=2 [31m500[0m 2.204 ms - 170[0m
2021-02-24 14:33:17 error: StatusCode : 500, Message : SELECT * FROM event INNER JOIN place on event.PlaceID = place.PlaceID where event.PlaceID = NaN - ER_BAD_FIELD_ERROR: Unknown column 'NaN' in 'where clause'
2021-02-24 14:33:17 info: [0mGET /events/placeId?placeId=2 [31m500[0m 2.385 ms - 170[0m
2021-02-24 14:33:17 error: StatusCode : 500, Message : SELECT * FROM event INNER JOIN place on event.PlaceID = place.PlaceID where event.PlaceID = NaN - ER_BAD_FIELD_ERROR: Unknown column 'NaN' in 'where clause'
2021-02-24 14:33:17 info: [0mGET /events/placeId?placeId=2 [31m500[0m 2.425 ms - 170[0m
2021-02-24 14:33:47 info: 🚀 App listening on the port 3000
2021-02-24 14:35:02 info: 🚀 App listening on the port 3000
2021-02-24 14:35:38 info: 🚀 App listening on the port 3000
2021-02-24 14:39:45 error: StatusCode : 500, Message : SELECT * FROM event INNER JOIN place on event.PlaceID = place.PlaceID where event.PlaceID = NaN - ER_BAD_FIELD_ERROR: Unknown column 'NaN' in 'where clause'
2021-02-24 14:39:45 info: [0mGET /events/fromPlace?pid=1 [31m500[0m 12.359 ms - 170[0m
