2021-02-26 12:15:12 info: 🚀 App listening on the port 3000
2021-02-26 12:15:52 info: 🚀 App listening on the port 3000
2021-02-26 12:16:29 info: 🚀 App listening on the port 3000
2021-02-26 12:16:54 info: 🚀 App listening on the port 3000
2021-02-26 12:17:12 info: [0mGET /events [32m200[0m 8.970 ms - 143[0m
2021-02-26 12:17:13 info: [0mGET /favicon.ico [33m404[0m 4.193 ms - 150[0m
2021-02-26 12:17:34 info: [0mGET /events?pid=1 [32m200[0m 3.447 ms - 143[0m
2021-02-26 12:17:41 info: [0mGET /events?pid=2 [32m200[0m 2.356 ms - 143[0m
2021-02-26 12:17:58 info: 🚀 App listening on the port 3000
2021-02-26 12:18:15 info: 🚀 App listening on the port 3000
2021-02-26 12:18:39 info: 🚀 App listening on the port 3000
2021-02-26 12:18:39 info: [0mGET /events?pid=2 [36m304[0m 20.758 ms - -[0m
2021-02-26 12:18:40 info: [0mGET /events?pid=2 [36m304[0m 4.235 ms - -[0m
2021-02-26 12:18:41 info: [0mGET /events?pid=2 [36m304[0m 3.412 ms - -[0m
2021-02-26 12:18:45 info: 🚀 App listening on the port 3000
2021-02-26 12:18:56 info: 🚀 App listening on the port 3000
2021-02-26 12:18:56 info: [0mGET /events?pid=2 [36m304[0m 9.966 ms - -[0m
2021-02-26 12:22:00 info: 🚀 App listening on the port 3000
2021-02-26 12:22:11 info: 🚀 App listening on the port 3000
2021-02-26 12:22:21 info: 🚀 App listening on the port 3000
2021-02-26 12:23:08 info: 🚀 App listening on the port 3000
2021-02-26 12:23:12 info: [0mGET /events?pid=2 [36m304[0m 13.972 ms - -[0m
2021-02-26 12:23:24 info: [0mGET /places/2/events [32m200[0m 11.539 ms - 2[0m
2021-02-26 12:23:31 info: [0mGET /places/1/events [32m200[0m 4.709 ms - 245[0m
2021-02-26 12:24:46 info: 🚀 App listening on the port 3000
2021-02-26 12:24:58 info: 🚀 App listening on the port 3000
2021-02-26 12:25:26 info: 🚀 App listening on the port 3000
2021-02-26 12:26:22 info: 🚀 App listening on the port 3000
2021-02-26 12:26:44 info: 🚀 App listening on the port 3000
2021-02-26 12:26:53 info: 🚀 App listening on the port 3000
2021-02-26 12:27:20 info: 🚀 App listening on the port 3000
