2021-02-27 11:18:53 info: 🚀 App listening on the port 3000
2021-02-27 11:19:04 info: [0mGET / [32m200[0m 6.148 ms - 17[0m
2021-02-27 11:19:05 info: [0mGET /favicon.ico [33m404[0m 4.525 ms - 150[0m
2021-02-27 11:19:10 info: [0mGET /places/ [32m200[0m 3.470 ms - 117[0m
2021-02-27 11:19:17 info: [0mGET /places/1 [32m200[0m 7.306 ms - 115[0m
2021-02-27 11:19:21 info: [0mGET /places/1/events [36m304[0m 4.850 ms - -[0m
2021-02-27 11:30:45 info: 🚀 App listening on the port 3000
2021-02-27 11:30:48 info: [0mGET /api-docs [36m301[0m 7.624 ms - 183[0m
2021-02-27 11:30:48 info: [0mGET /api-docs/ [32m200[0m 8.965 ms - -[0m
2021-02-27 11:30:49 info: [0mGET /api-docs/swagger-ui-init.js [32m200[0m 1.585 ms - -[0m
2021-02-27 11:30:49 info: [0mGET /api-docs/swagger-ui.css [32m200[0m 19.052 ms - -[0m
2021-02-27 11:30:49 info: [0mGET /api-docs/swagger-ui-standalone-preset.js [32m200[0m 15.082 ms - -[0m
2021-02-27 11:30:49 info: [0mGET /api-docs/swagger-ui-bundle.js [32m200[0m 15.368 ms - -[0m
2021-02-27 11:30:49 info: [0mGET /api-docs/favicon-32x32.png [32m200[0m 1.748 ms - 628[0m
2021-02-27 11:30:54 info: [0mGET /users [32m200[0m 4.195 ms - 189[0m
2021-02-27 11:31:10 info: [0mGET /events/1 [32m200[0m 6.734 ms - 141[0m
2021-02-27 11:36:19 info: 🚀 App listening on the port 3000
2021-02-27 11:36:24 error: StatusCode : 404, Message : Authentication token missing
2021-02-27 11:36:24 info: [0mGET /api-docs/ [33m404[0m 12.101 ms - 42[0m
2021-02-27 11:36:56 info: 🚀 App listening on the port 3000
2021-02-27 11:37:17 info: 🚀 App listening on the port 3000
2021-02-27 11:37:28 info: 🚀 App listening on the port 3000
2021-02-27 11:37:36 info: 🚀 App listening on the port 3000
2021-02-27 11:37:37 error: StatusCode : 404, Message : Authentication token missing
2021-02-27 11:37:37 info: [0mGET /api-docs/ [33m404[0m 12.861 ms - 42[0m
2021-02-27 11:37:38 error: StatusCode : 404, Message : Authentication token missing
2021-02-27 11:37:38 info: [0mGET /api-docs/ [33m404[0m 3.874 ms - 42[0m
2021-02-27 11:37:46 info: 🚀 App listening on the port 3000
2021-02-27 11:37:59 info: 🚀 App listening on the port 3000
2021-02-27 11:38:10 info: 🚀 App listening on the port 3000
2021-02-27 11:38:17 info: 🚀 App listening on the port 3000
2021-02-27 11:38:22 info: 🚀 App listening on the port 3000
2021-02-27 11:38:22 info: [0mGET /api-docs/ [32m200[0m 16.171 ms - -[0m
2021-02-27 11:38:22 info: [0mGET /api-docs/swagger-ui-init.js [36m304[0m 1.212 ms - -[0m
2021-02-27 11:38:22 info: [0mGET /api-docs/swagger-ui.css [36m304[0m 10.754 ms - -[0m
2021-02-27 11:38:22 info: [0mGET /api-docs/swagger-ui-bundle.js [36m304[0m 10.708 ms - -[0m
2021-02-27 11:38:22 info: [0mGET /api-docs/swagger-ui-standalone-preset.js [36m304[0m 11.562 ms - -[0m
2021-02-27 11:38:22 info: [0mGET /api-docs/favicon-32x32.png [32m200[0m 4.922 ms - 628[0m
2021-02-27 11:38:31 error: StatusCode : 404, Message : Authentication token missing
2021-02-27 11:38:31 info: [0mGET /users [33m404[0m 3.093 ms - 42[0m
2021-02-27 11:42:05 info: [0mGET /api-docs/ [36m304[0m 2.898 ms - -[0m
2021-02-27 11:42:05 info: [0mGET /api-docs/swagger-ui.css [36m304[0m 4.270 ms - -[0m
2021-02-27 11:42:05 info: [0mGET /api-docs/swagger-ui-bundle.js [36m304[0m 5.643 ms - -[0m
2021-02-27 11:42:05 info: [0mGET /api-docs/swagger-ui-init.js [36m304[0m 1.006 ms - -[0m
2021-02-27 11:42:05 info: [0mGET /api-docs/swagger-ui-standalone-preset.js [36m304[0m 5.664 ms - -[0m
2021-02-27 11:42:05 info: [0mGET /api-docs/favicon-32x32.png [32m200[0m 2.718 ms - 628[0m
2021-02-27 11:42:06 info: [0mGET /api-docs/ [36m304[0m 2.433 ms - -[0m
2021-02-27 11:42:06 info: [0mGET /api-docs/swagger-ui-init.js [36m304[0m 1.023 ms - -[0m
2021-02-27 11:42:06 info: [0mGET /api-docs/swagger-ui.css [36m304[0m 9.199 ms - -[0m
2021-02-27 11:42:06 info: [0mGET /api-docs/swagger-ui-bundle.js [36m304[0m 10.172 ms - -[0m
2021-02-27 11:42:06 info: [0mGET /api-docs/swagger-ui-standalone-preset.js [36m304[0m 12.153 ms - -[0m
2021-02-27 11:42:06 info: [0mGET /api-docs/favicon-32x32.png [32m200[0m 2.230 ms - 628[0m
2021-02-27 11:42:17 info: [0mGET /api-docs/ [32m200[0m 2.599 ms - -[0m
2021-02-27 11:42:17 info: [0mGET /api-docs/swagger-ui-init.js [32m200[0m 3.142 ms - -[0m
2021-02-27 11:42:17 info: [0mGET /api-docs/swagger-ui.css [32m200[0m 13.775 ms - -[0m
2021-02-27 11:42:17 info: [0mGET /api-docs/swagger-ui-standalone-preset.js [32m200[0m 8.079 ms - -[0m
2021-02-27 11:42:18 info: [0mGET /api-docs/swagger-ui-bundle.js [32m200[0m 8.508 ms - -[0m
2021-02-27 11:42:18 info: [0mGET /api-docs/favicon-32x32.png [36m304[0m 1.985 ms - -[0m
2021-02-27 11:42:30 info: [0mGET /api-docs/ [32m200[0m 3.698 ms - -[0m
2021-02-27 11:42:30 info: [0mGET /api-docs/swagger-ui-init.js [32m200[0m 1.233 ms - -[0m
2021-02-27 11:42:30 info: [0mGET /api-docs/swagger-ui.css [32m200[0m 10.444 ms - -[0m
2021-02-27 11:42:30 info: [0mGET /api-docs/swagger-ui-standalone-preset.js [32m200[0m 7.197 ms - -[0m
2021-02-27 11:42:30 info: [0mGET /api-docs/swagger-ui-bundle.js [32m200[0m 9.087 ms - -[0m
2021-02-27 11:42:31 info: [0mGET /api-docs/favicon-32x32.png [36m304[0m 1.628 ms - -[0m
2021-02-27 11:43:01 info: [0mGET /api-docs/ [36m304[0m 1.928 ms - -[0m
2021-02-27 11:43:01 info: [0mGET /api-docs/swagger-ui.css [36m304[0m 4.617 ms - -[0m
2021-02-27 11:43:01 info: [0mGET /api-docs/swagger-ui-bundle.js [36m304[0m 5.359 ms - -[0m
2021-02-27 11:43:01 info: [0mGET /api-docs/swagger-ui-standalone-preset.js [36m304[0m 5.969 ms - -[0m
2021-02-27 11:43:01 info: [0mGET /api-docs/swagger-ui-init.js [36m304[0m 0.982 ms - -[0m
2021-02-27 11:43:01 info: [0mGET /api-docs/ [32m200[0m 1.944 ms - -[0m
2021-02-27 11:43:01 info: [0mGET /api-docs/swagger-ui-init.js [32m200[0m 1.079 ms - -[0m
2021-02-27 11:43:01 info: [0mGET /api-docs/swagger-ui.css [32m200[0m 11.609 ms - -[0m
2021-02-27 11:43:01 info: [0mGET /api-docs/swagger-ui-standalone-preset.js [32m200[0m 7.543 ms - -[0m
2021-02-27 11:43:01 info: [0mGET /api-docs/swagger-ui-bundle.js [32m200[0m 10.613 ms - -[0m
2021-02-27 11:43:02 info: [0mGET /api-docs/favicon-32x32.png [36m304[0m 1.428 ms - -[0m
2021-02-27 11:43:31 info: 🚀 App listening on the port 3000
2021-02-27 11:43:54 info: 🚀 App listening on the port 3000
2021-02-27 11:43:54 info: [0mGET /api-docs/ [36m304[0m 10.749 ms - -[0m
2021-02-27 11:43:55 info: [0mGET /api-docs/swagger-ui.css [36m304[0m 8.447 ms - -[0m
2021-02-27 11:43:55 info: [0mGET /api-docs/swagger-ui-bundle.js [36m304[0m 7.441 ms - -[0m
2021-02-27 11:43:55 info: [0mGET /api-docs/swagger-ui-standalone-preset.js [36m304[0m 15.463 ms - -[0m
2021-02-27 11:43:55 info: [0mGET /api-docs/swagger-ui-init.js [32m200[0m 5.707 ms - -[0m
2021-02-27 11:43:55 info: [0mGET /api-docs/favicon-32x32.png [36m304[0m 1.632 ms - -[0m
2021-02-27 11:43:55 info: [0mGET /api-docs/ [36m304[0m 1.729 ms - -[0m
2021-02-27 11:43:55 info: [0mGET /api-docs/swagger-ui-init.js [36m304[0m 0.820 ms - -[0m
2021-02-27 11:43:55 info: [0mGET /api-docs/swagger-ui.css [36m304[0m 7.059 ms - -[0m
2021-02-27 11:43:55 info: [0mGET /api-docs/swagger-ui-bundle.js [36m304[0m 8.638 ms - -[0m
2021-02-27 11:43:55 info: [0mGET /api-docs/swagger-ui-standalone-preset.js [36m304[0m 10.329 ms - -[0m
2021-02-27 11:43:56 info: [0mGET /api-docs/favicon-32x32.png [36m304[0m 1.368 ms - -[0m
2021-02-27 11:44:14 info: [0mGET /api-docs/ [32m200[0m 3.272 ms - -[0m
2021-02-27 11:44:15 info: [0mGET /api-docs/swagger-ui-init.js [32m200[0m 1.506 ms - -[0m
2021-02-27 11:44:15 info: [0mGET /api-docs/swagger-ui.css [32m200[0m 15.103 ms - -[0m
2021-02-27 11:44:15 info: [0mGET /api-docs/swagger-ui-standalone-preset.js [32m200[0m 13.524 ms - -[0m
2021-02-27 11:44:15 info: [0mGET /api-docs/swagger-ui-bundle.js [32m200[0m 15.930 ms - -[0m
2021-02-27 11:44:15 info: [0mGET /api-docs/favicon-32x32.png [32m200[0m 3.519 ms - 628[0m
2021-02-27 11:44:46 info: 🚀 App listening on the port 3000
2021-02-27 11:44:53 info: 🚀 App listening on the port 3000
2021-02-27 11:44:54 info: [0mGET /api-docs/ [36m304[0m 14.753 ms - -[0m
2021-02-27 11:44:54 info: [0mGET /api-docs/swagger-ui-standalone-preset.js [36m304[0m 9.400 ms - -[0m
2021-02-27 11:44:54 info: [0mGET /api-docs/swagger-ui.css [36m304[0m 9.178 ms - -[0m
2021-02-27 11:44:54 info: [0mGET /api-docs/swagger-ui-bundle.js [36m304[0m 10.337 ms - -[0m
2021-02-27 11:44:54 info: [0mGET /api-docs/swagger-ui-init.js [36m304[0m 1.450 ms - -[0m
2021-02-27 11:44:54 info: [0mGET /api-docs/favicon-32x32.png [32m200[0m 5.313 ms - 628[0m
2021-02-27 11:45:06 info: 🚀 App listening on the port 3000
2021-02-27 11:45:13 info: 🚀 App listening on the port 3000
2021-02-27 11:45:30 info: 🚀 App listening on the port 3000
2021-02-27 11:45:36 info: 🚀 App listening on the port 3000
2021-02-27 11:45:43 info: 🚀 App listening on the port 3000
2021-02-27 11:45:43 info: [0mGET /api-docs/ [36m304[0m 13.704 ms - -[0m
2021-02-27 11:45:43 info: [0mGET /api-docs/swagger-ui.css [36m304[0m 3.523 ms - -[0m
2021-02-27 11:45:43 info: [0mGET /api-docs/swagger-ui-bundle.js [36m304[0m 1.313 ms - -[0m
2021-02-27 11:45:43 info: [0mGET /api-docs/swagger-ui-init.js [36m304[0m 0.861 ms - -[0m
2021-02-27 11:45:43 info: [0mGET /api-docs/swagger-ui-standalone-preset.js [36m304[0m 4.593 ms - -[0m
2021-02-27 11:45:44 info: [0mGET /api-docs/favicon-32x32.png [32m200[0m 3.078 ms - 628[0m
2021-02-27 11:45:50 info: [0mGET /api-docs/ [32m200[0m 6.603 ms - -[0m
2021-02-27 11:45:50 info: [0mGET /api-docs/swagger-ui-init.js [32m200[0m 1.515 ms - -[0m
2021-02-27 11:45:50 info: [0mGET /api-docs/swagger-ui.css [32m200[0m 3.231 ms - -[0m
2021-02-27 11:45:50 info: [0mGET /api-docs/swagger-ui-standalone-preset.js [32m200[0m 9.409 ms - -[0m
2021-02-27 11:45:50 info: [0mGET /api-docs/swagger-ui-bundle.js [32m200[0m 9.674 ms - -[0m
2021-02-27 11:45:50 info: [0mGET /api-docs/favicon-32x32.png [32m200[0m 2.376 ms - 628[0m
2021-02-27 11:45:57 info: 🚀 App listening on the port 3000
2021-02-27 11:46:32 info: 🚀 App listening on the port 3000
2021-02-27 11:46:32 info: [0mGET /api-docs/ [32m200[0m 17.782 ms - -[0m
2021-02-27 11:46:32 info: [0mGET /api-docs/swagger-ui-init.js [36m304[0m 1.381 ms - -[0m
2021-02-27 11:46:32 info: [0mGET /api-docs/swagger-ui.css [36m304[0m 11.416 ms - -[0m
2021-02-27 11:46:32 info: [0mGET /api-docs/swagger-ui-bundle.js [36m304[0m 10.998 ms - -[0m
2021-02-27 11:46:32 info: [0mGET /api-docs/swagger-ui-standalone-preset.js [36m304[0m 11.992 ms - -[0m
2021-02-27 11:46:33 info: [0mGET /api-docs/favicon-32x32.png [32m200[0m 4.817 ms - 628[0m
2021-02-27 11:46:35 info: [0mGET /api-docs/ [36m304[0m 1.952 ms - -[0m
2021-02-27 11:46:35 info: [0mGET /api-docs/swagger-ui-init.js [36m304[0m 0.894 ms - -[0m
2021-02-27 11:46:35 info: [0mGET /api-docs/swagger-ui.css [36m304[0m 7.324 ms - -[0m
2021-02-27 11:46:35 info: [0mGET /api-docs/swagger-ui-bundle.js [36m304[0m 8.858 ms - -[0m
2021-02-27 11:46:35 info: [0mGET /api-docs/swagger-ui-standalone-preset.js [36m304[0m 10.971 ms - -[0m
2021-02-27 11:46:35 info: [0mGET /api-docs/favicon-32x32.png [32m200[0m 2.429 ms - 628[0m
2021-02-27 11:52:15 info: 🚀 App listening on the port 3000
2021-02-27 11:52:23 info: 🚀 App listening on the port 3000
2021-02-27 11:52:34 info: [0mGET /api-docs/ [36m304[0m 17.784 ms - -[0m
2021-02-27 11:52:34 info: [0mGET /api-docs/swagger-ui.css [36m304[0m 17.091 ms - -[0m
2021-02-27 11:52:34 info: [0mGET /api-docs/swagger-ui-bundle.js [36m304[0m 15.941 ms - -[0m
2021-02-27 11:52:34 info: [0mGET /api-docs/swagger-ui-standalone-preset.js [36m304[0m 16.704 ms - -[0m
2021-02-27 11:52:34 info: [0mGET /api-docs/swagger-ui-init.js [32m200[0m 6.314 ms - -[0m
2021-02-27 11:52:35 info: [0mGET /api-docs/ [36m304[0m 2.022 ms - -[0m
2021-02-27 11:52:35 info: [0mGET /api-docs/swagger-ui-init.js [36m304[0m 0.952 ms - -[0m
2021-02-27 11:52:35 info: [0mGET /api-docs/swagger-ui.css [36m304[0m 7.602 ms - -[0m
2021-02-27 11:52:35 info: [0mGET /api-docs/swagger-ui-bundle.js [36m304[0m 9.582 ms - -[0m
2021-02-27 11:52:35 info: [0mGET /api-docs/swagger-ui-standalone-preset.js [36m304[0m 11.591 ms - -[0m
2021-02-27 11:52:35 info: [0mGET /api-docs/favicon-32x32.png [32m200[0m 5.613 ms - 628[0m
2021-02-27 11:52:35 info: [0mGET /api-docs/ [36m304[0m 1.833 ms - -[0m
2021-02-27 11:52:35 info: [0mGET /api-docs/swagger-ui-init.js [36m304[0m 0.840 ms - -[0m
2021-02-27 11:52:35 info: [0mGET /api-docs/swagger-ui.css [36m304[0m 7.282 ms - -[0m
2021-02-27 11:52:35 info: [0mGET /api-docs/swagger-ui-bundle.js [36m304[0m 8.618 ms - -[0m
2021-02-27 11:52:35 info: [0mGET /api-docs/swagger-ui-standalone-preset.js [36m304[0m 10.763 ms - -[0m
2021-02-27 11:55:53 info: 🚀 App listening on the port 3000
2021-02-27 11:57:11 info: 🚀 App listening on the port 3000
2021-02-27 11:57:39 info: 🚀 App listening on the port 3000
2021-02-27 11:58:43 info: 🚀 App listening on the port 3000
2021-02-27 12:04:36 info: 🚀 App listening on the port 3000
2021-02-27 12:04:36 info: [0mGET /api-docs/ [32m200[0m 19.290 ms - -[0m
2021-02-27 12:04:37 info: [0mGET /api-docs/swagger-ui.css [36m304[0m 9.073 ms - -[0m
2021-02-27 12:04:37 info: [0mGET /api-docs/swagger-ui-bundle.js [36m304[0m 8.988 ms - -[0m
2021-02-27 12:04:37 info: [0mGET /api-docs/swagger-ui-standalone-preset.js [36m304[0m 10.750 ms - -[0m
2021-02-27 12:04:37 info: [0mGET /api-docs/swagger-ui-init.js [32m200[0m 1.763 ms - -[0m
2021-02-27 12:04:37 info: [0mGET /api-docs/favicon-32x32.png [32m200[0m 4.469 ms - 628[0m
2021-02-27 12:04:37 info: [0mGET /api-docs/ [32m200[0m 1.821 ms - -[0m
2021-02-27 12:04:37 info: [0mGET /api-docs/swagger-ui-init.js [32m200[0m 1.063 ms - -[0m
2021-02-27 12:04:37 info: [0mGET /api-docs/swagger-ui.css [32m200[0m 10.011 ms - -[0m
2021-02-27 12:04:37 info: [0mGET /api-docs/swagger-ui-standalone-preset.js [32m200[0m 9.718 ms - -[0m
2021-02-27 12:04:37 info: [0mGET /api-docs/swagger-ui-bundle.js [32m200[0m 10.099 ms - -[0m
2021-02-27 12:04:38 info: [0mGET /api-docs/favicon-32x32.png [32m200[0m 1.754 ms - 628[0m
2021-02-27 12:14:59 info: 🚀 App listening on the port 3000
2021-02-27 12:15:03 info: [0mPOST /login [32m200[0m 162.771 ms - 372[0m
2021-02-27 12:15:22 info: [0mGET /api-docs/ [36m304[0m 7.809 ms - -[0m
2021-02-27 12:15:22 info: [0mGET /api-docs/swagger-ui-init.js [36m304[0m 1.306 ms - -[0m
2021-02-27 12:15:22 info: [0mGET /api-docs/swagger-ui.css [36m304[0m 13.536 ms - -[0m
2021-02-27 12:15:22 info: [0mGET /api-docs/swagger-ui-bundle.js [36m304[0m 12.616 ms - -[0m
2021-02-27 12:15:22 info: [0mGET /api-docs/swagger-ui-standalone-preset.js [36m304[0m 13.383 ms - -[0m
2021-02-27 12:15:23 info: [0mGET /api-docs/favicon-32x32.png [36m304[0m 1.718 ms - -[0m
2021-02-27 12:15:30 info: [0mGET /api-docs/ [36m304[0m 1.698 ms - -[0m
2021-02-27 12:15:30 info: [0mGET /api-docs/swagger-ui.css [36m304[0m 6.291 ms - -[0m
2021-02-27 12:15:30 info: [0mGET /api-docs/swagger-ui-bundle.js [36m304[0m 7.805 ms - -[0m
2021-02-27 12:15:30 info: [0mGET /api-docs/swagger-ui-init.js [36m304[0m 1.155 ms - -[0m
2021-02-27 12:15:30 info: [0mGET /api-docs/swagger-ui-standalone-preset.js [36m304[0m 13.968 ms - -[0m
2021-02-27 12:16:07 info: [0mPOST /login [32m200[0m 120.728 ms - 372[0m
2021-02-27 12:16:27 error: StatusCode : 404, Message : Authentication token missing
2021-02-27 12:16:27 info: [0mGET /users [33m404[0m 3.632 ms - 42[0m
2021-02-27 12:17:24 info: 🚀 App listening on the port 3000
2021-02-27 12:17:35 info: 🚀 App listening on the port 3000
2021-02-27 12:17:53 info: 🚀 App listening on the port 3000
2021-02-27 12:17:54 error: StatusCode : 404, Message : Authentication token missing
2021-02-27 12:17:54 info: [0mGET /users [33m404[0m 13.654 ms - 42[0m
2021-02-27 12:18:09 info: 🚀 App listening on the port 3000
2021-02-27 12:18:09 info: [0mGET /api-docs/swagger-ui.css [36m304[0m 12.750 ms - -[0m
2021-02-27 12:18:09 info: [0mGET /api-docs/swagger-ui.css.map [32m200[0m 6.362 ms - -[0m
2021-02-27 12:18:09 info: [0mGET /api-docs/swagger-ui-standalone-preset.js.map [32m200[0m 13.102 ms - -[0m
2021-02-27 12:18:10 info: [0mGET /api-docs/swagger-ui-bundle.js.map [32m200[0m 13.446 ms - -[0m
2021-02-27 12:18:13 error: StatusCode : 404, Message : Authentication token missing
2021-02-27 12:18:13 info: [0mGET /users [33m404[0m 8.946 ms - 42[0m
2021-02-27 12:19:28 info: 🚀 App listening on the port 3000
2021-02-27 12:19:34 error: StatusCode : 404, Message : Authentication token missing
2021-02-27 12:19:34 info: [0mGET /users [33m404[0m 24.434 ms - 42[0m
2021-02-27 12:19:49 info: 🚀 App listening on the port 3000
2021-02-27 12:19:53 error: StatusCode : 401, Message : Wrong authentication token
2021-02-27 12:19:53 info: [0mGET /users [33m401[0m 32.226 ms - 40[0m
2021-02-27 12:20:31 info: 🚀 App listening on the port 3000
2021-02-27 12:20:32 error: StatusCode : 401, Message : Wrong authentication token
2021-02-27 12:20:32 info: [0mGET /users [33m401[0m 29.091 ms - 40[0m
2021-02-27 12:20:49 info: 🚀 App listening on the port 3000
2021-02-27 12:20:53 error: StatusCode : 401, Message : Wrong authentication token
2021-02-27 12:20:53 info: [0mGET /users [33m401[0m 31.372 ms - 40[0m
2021-02-27 12:21:22 info: 🚀 App listening on the port 3000
2021-02-27 12:21:23 error: StatusCode : 401, Message : Wrong authentication token
2021-02-27 12:21:23 info: [0mGET /users [33m401[0m 16.973 ms - 40[0m
2021-02-27 12:22:07 info: 🚀 App listening on the port 3000
2021-02-27 12:22:11 error: StatusCode : 401, Message : Wrong authentication token
2021-02-27 12:22:11 info: [0mGET /users [33m401[0m 15.721 ms - 40[0m
2021-02-27 12:22:34 info: 🚀 App listening on the port 3000
2021-02-27 12:22:34 error: StatusCode : 401, Message : Wrong authentication token
2021-02-27 12:22:34 info: [0mGET /users [33m401[0m 14.911 ms - 40[0m
2021-02-27 12:22:48 info: 🚀 App listening on the port 3000
2021-02-27 12:22:48 info: [0mGET /users [32m200[0m 43.130 ms - 189[0m
2021-02-27 12:22:57 info: 🚀 App listening on the port 3000
2021-02-27 12:23:33 info: 🚀 App listening on the port 3000
2021-02-27 12:23:33 info: [0mGET /users [36m304[0m 9.075 ms - -[0m
2021-02-27 12:33:05 info: 🚀 App listening on the port 3000
2021-02-27 12:33:09 info: 🚀 App listening on the port 3000
